<?xml version="1.0" encoding="UTF-8"?>
<!-- Generated by org.testng.reporters.JUnitReportReporter -->
<testsuite hostname="jose-payyappilly" failures="0" tests="2" name="test.java.TestMavenFolder" time="0.017" errors="0" timestamp="12 Dec 2018 06:26:42 GMT" skipped="0">
  <testcase classname="test.java.TestMavenFolder" name="test" time="0.012"/>
  <testcase classname="test.java.TestMavenFolder" name="test2" time="0.005"/>
</testsuite> <!-- test.java.TestMavenFolder -->
